<?xml version="1.0" encoding="UTF-8"?>
<!-- Generated by org.testng.reporters.JUnitReportReporter -->
<testsuite hostname="LAPTOP-EG8JSHQ7" failures="1" tests="8" name="com.testCases.Tc_TestCase_001" time="42.176" errors="0" timestamp="2022-10-04T16:39:08 IST" skipped="0">
  <testcase classname="com.testCases.Tc_TestCase_001" name="ValidAgentLoginTest" time="4.948"/>
  <system-out/>
  <testcase classname="com.testCases.Tc_TestCase_001" name="AgentLoginWithoutCredentials" time="5.430"/>
  <system-out/>
  <testcase classname="com.testCases.Tc_TestCase_001" name="InvalidAgentLoginEmail" time="5.157"/>
  <system-out/>
  <testcase classname="com.testCases.Tc_TestCase_001" name="InvalidAgentLoginPassword" time="6.039"/>
  <system-out/>
  <testcase classname="com.testCases.Tc_TestCase_001" name="InvalidAgentBothLoginCredentials" time="6.670"/>
  <system-out/>
  <testcase classname="com.testCases.Tc_TestCase_001" name="AgentPropertySearchBtn" time="4.952">
    <failure message="expected [OpenBrix - Property Portal for the new generation] but found [OpenBrix]" type="java.lang.AssertionError">
      <![CDATA[java.lang.AssertionError: expected [OpenBrix - Property Portal for the new generation] but found [OpenBrix]
at org.testng.Assert.fail(Assert.java:99)
at org.testng.Assert.failNotEquals(Assert.java:1037)
at org.testng.Assert.assertEqualsImpl(Assert.java:140)
at org.testng.Assert.assertEquals(Assert.java:122)
at org.testng.Assert.assertEquals(Assert.java:629)
at org.testng.Assert.assertEquals(Assert.java:639)
at com.testCases.Tc_TestCase_001.AgentPropertySearchBtn(Tc_TestCase_001.java:103)
at java.base/jdk.internal.reflect.DirectMethodHandleAccessor.invoke(DirectMethodHandleAccessor.java:104)
at java.base/java.lang.reflect.Method.invoke(Method.java:578)
at org.testng.internal.MethodInvocationHelper.invokeMethod(MethodInvocationHelper.java:133)
at org.testng.internal.TestInvoker.invokeMethod(TestInvoker.java:598)
at org.testng.internal.TestInvoker.invokeTestMethod(TestInvoker.java:173)
at org.testng.internal.MethodRunner.runInSequence(MethodRunner.java:46)
at org.testng.internal.TestInvoker$MethodInvocationAgent.invoke(TestInvoker.java:824)
at org.testng.internal.TestInvoker.invokeTestMethods(TestInvoker.java:146)
at org.testng.internal.TestMethodWorker.invokeTestMethods(TestMethodWorker.java:146)
at org.testng.internal.TestMethodWorker.run(TestMethodWorker.java:128)
at java.base/java.util.ArrayList.forEach(ArrayList.java:1511)
at org.testng.TestRunner.privateRun(TestRunner.java:794)
at org.testng.TestRunner.run(TestRunner.java:596)
at org.testng.SuiteRunner.runTest(SuiteRunner.java:377)
at org.testng.SuiteRunner.runSequentially(SuiteRunner.java:371)
at org.testng.SuiteRunner.privateRun(SuiteRunner.java:332)
at org.testng.SuiteRunner.run(SuiteRunner.java:276)
at org.testng.SuiteRunnerWorker.runSuite(SuiteRunnerWorker.java:53)
at org.testng.SuiteRunnerWorker.run(SuiteRunnerWorker.java:96)
at org.testng.TestNG.runSuitesSequentially(TestNG.java:1212)
at org.testng.TestNG.runSuitesLocally(TestNG.java:1134)
at org.testng.TestNG.runSuites(TestNG.java:1063)
at org.testng.TestNG.run(TestNG.java:1031)
at org.testng.remote.AbstractRemoteTestNG.run(AbstractRemoteTestNG.java:115)
at org.testng.remote.RemoteTestNG.initAndRun(RemoteTestNG.java:251)
at org.testng.remote.RemoteTestNG.main(RemoteTestNG.java:77)
]]>
    </failure>
  </testcase> <!-- AgentPropertySearchBtn -->
  <system-out/>
  <testcase classname="com.testCases.Tc_TestCase_001" name="AgentResetPassword" time="5.008"/>
  <system-out/>
  <testcase classname="com.testCases.Tc_TestCase_001" name="AgentDontHaveAccount" time="3.972"/>
  <system-out/>
</testsuite> <!-- com.testCases.Tc_TestCase_001 -->
